 THIS SOFTWARE AND ANY ACCOMPANYING DOCUMENTATION
 IS RELEASED "AS IS".  THE U.S. GOVERNMENT MAKES NO
 WARRANTY OF ANY KIND, EXPRESS OR IMPLIED, CONCERNING
 THIS SOFTWARE AND ANY ACCOMPANYING DOCUMENTATION,
 INCLUDING, WITHOUT LIMITATION, ANY WARRANTIES OF
 MERCHANTABILITY OR FITNESS FOR A PARTICULAR PURPOSE.
 IN NO EVENT WILL THE U.S. GOVERNMENT BE LIABLE FOR ANY
 DAMAGES, INCLUDING LOST PROFITS, LOST SAVINGS OR OTHER
 INCIDENTAL OR CONSEQUENTIAL DAMAGES ARISING OUT OF THE 
 USE, OR INABILITY TO USE, THIS SOFTWARE OR ANY
 ACCOMPANYING DOCUMENTATION, EVEN IF INFORMED IN ADVANCE
 OF THE POSSIBILITY OF SUCH DAMAGES.
  ****************************************************
  *    USAF STABILITY AND CONTROL  DIGITAL DATCOM    *
  *    PROGRAM REV. JAN 96   DIRECT INQUIRIES TO:    *
  *    WRIGHT LABORATORY  (WL/FIGC)  ATTN: W. BLAKE  *
  *      WRIGHT PATTERSON AFB, OHIO  45433           *
  *    PHONE (513) 255-6764,   FAX (513) 258-4054    *
  ****************************************************
 Preparing to start the big loop
 At 1000
1                         CONERR - INPUT ERROR CHECKING
0 ERROR CODES - N* DENOTES THE NUMBER OF OCCURENCES OF EACH ERROR
0 A - UNKNOWN VARIABLE NAME
0 B - MISSING EQUAL SIGN FOLLOWING VARIABLE NAME
0 C - NON-ARRAY VARIABLE HAS AN ARRAY ELEMENT DESIGNATION - (N)
0 D - NON-ARRAY VARIABLE HAS MULTIPLE VALUES ASSIGNED
0 E - ASSIGNED VALUES EXCEED ARRAY DIMENSION
0 F - SYNTAX ERROR

0******************************  INPUT DATA CARDS  ******************************

  $FLTCON NMACH=5.0, MACH(1)=0.6,0.9,1.05,1.4,2.0, NALPHA=9.0,                   
    ALSCHD(1)=-4.0,-2.0,0.0,2.0,4.0,8.0,12.0,16.0,20.0,                          
    RNNUB(1)=2000000.0,2500000.0,3000000.0,3800000.0,4200000.0,4800000.0,5500000.
  $END                                                                              ** MISSING NAMELIST TERMINATION ADDED **
  $OPTINS SREF=369.814, CBARR=13.4897, BLREF=35.5417$                            
  $SYNTHS XCG=34.0, ZCG=-0.15, XW=17.4406, ZW=0.0, ALIW=0.0, XH=41.5,            
    ZH=0.0, ALIH=0.0, XV=43.415, VERTUP=.TRUE.$                                  
  $BODY NX=8.0, BNOSE=2.0, BTAIL=1.0, BLN=7.5, BLA=5.0,                          
    X(1)=7.5,12.5,17.5,22.5,27.5,32.5,37.5,45.0,                                 
    R(1)=2.08393,2.88545,3.20605,3.20605,3.20605,3.10987,2.98163,2.40454,        
    S(1)=13.6432,26.1563,32.2917,32.2917,32.2917,30.3832,27.9291,18.1641,        
    P(1)=13.0937,18.1298,20.1442,20.1442,20.1442,19.5399,18.7341,15.1082 $          ** ERROR **  0*A  0*B  0*C  0*D  0*E  1*F
  $WGPLNF CHRDR=22.9659, CHRDTP=2.03117, SSPN=17.7708, SSPNE=16.1678,            
    SAVSI=19.5254, CHSTAT=0.25, SWAFP=0.0, TWISTA=0.0, SSPNDD=0.0,               
    DHDADI=0.0, DHDADO=0.0, TYPE=3.0$                                            
  $WGSCHR TOVC=0.0399737, TOVCO=0.0399737, XOVC=0.4, DELTAY=8.0,                 
    CLI=0.05, ALPHAI=0.5,                                                        
    CLALPA(1)=8.45149,5.98759,0.394983,0.0712528,0.0403067,                      
    CLMAX(1)=1.4,1.1875,0.975,0.7625,0.55, CMO=-0.015, LERI=0.008,               
    CLAMO=0.105 $                                                                   ** ERROR **  0*A  0*B  0*C  0*D  0*E  1*F
  $HTPLNF CHRDR=8.5, CHRDTP=4.7124, SSPN=10.1325, SSPNE=8.73787,                 
    SAVSI=22.5189, CHSTAT=0.25, SWAFP=0.0, TWISTA=0.0, SSPNDD=0.0,               
    DHDADI=0.0, DHDADO=0.0, TYPE=1.0$                                            
  $HTSCHR TOVC=0.035129, XOVC=0.4, DELTAY=4.0,                                   
    CLALPA(1)=0.095,0.095,0.095,0.095,0.095,                                     
    CLMAX(1)=1.1,0.9375,0.775,0.6125,0.45, CMO=0.0, LERI=0.006,                  
    CLAMO=0.105 $                                                                   ** ERROR **  0*A  0*B  0*C  0*D  0*E  1*F
  $VTPLNF CHRDR=6.585, CHRDTP=3.86673, SSPN=6.98917, SSPNE=4.19991,              
    SAVSI=47.714, CHSTAT=0.25, SWAFP=0.0, TWISTA=0.0, TYPE=1.0$                  
  $VTSCHR TOVC=0.0352107, XOVC=0.4, CLALPA(1)=0.09,0.09,0.09,0.09,0.09,          
    LERI=0.007 $                                                                    ** ERROR **  0*A  0*B  0*C  0*D  0*E  1*F
 CASEID GENERIC SUPERSONIC FIGHTER - BASELINE                                    
 SAVE                                                                            
 NEXT CASE                                                                       
1          THE FOLLOWING IS A LIST OF ALL INPUT CARDS FOR THIS CASE.
0
  $FLTCON NMACH=5.0, MACH(1)=0.6,0.9,1.05,1.4,2.0, NALPHA=9.0,                   
    ALSCHD(1)=-4.0,-2.0,0.0,2.0,4.0,8.0,12.0,16.0,20.0,                          
    RNNUB(1)=2000000.0,2500000.0,3000000.0,3800000.0,4200000.0,4800000.0,5500000.
  $END                                                                           
  $OPTINS SREF=369.814, CBARR=13.4897, BLREF=35.5417$                            
  $SYNTHS XCG=34.0, ZCG=-0.15, XW=17.4406, ZW=0.0, ALIW=0.0, XH=41.5,            
    ZH=0.0, ALIH=0.0, XV=43.415, VERTUP=.TRUE.$                                  
  $BODY NX=8.0, BNOSE=2.0, BTAIL=1.0, BLN=7.5, BLA=5.0,                          
    X(1)=7.5,12.5,17.5,22.5,27.5,32.5,37.5,45.0,                                 
    R(1)=2.08393,2.88545,3.20605,3.20605,3.20605,3.10987,2.98163,2.40454,        
    S(1)=13.6432,26.1563,32.2917,32.2917,32.2917,30.3832,27.9291,18.1641,        
    P(1)=13.0937,18.1298,20.1442,20.1442,20.1442,19.5399,18.7341,15.1082 $       
  $WGPLNF CHRDR=22.9659, CHRDTP=2.03117, SSPN=17.7708, SSPNE=16.1678,            
    SAVSI=19.5254, CHSTAT=0.25, SWAFP=0.0, TWISTA=0.0, SSPNDD=0.0,               
    DHDADI=0.0, DHDADO=0.0, TYPE=3.0$                                            
  $WGSCHR TOVC=0.0399737, TOVCO=0.0399737, XOVC=0.4, DELTAY=8.0,                 
    CLI=0.05, ALPHAI=0.5,                                                        
    CLALPA(1)=8.45149,5.98759,0.394983,0.0712528,0.0403067,                      
    CLMAX(1)=1.4,1.1875,0.975,0.7625,0.55, CMO=-0.015, LERI=0.008,               
    CLAMO=0.105 $                                                                
  $HTPLNF CHRDR=8.5, CHRDTP=4.7124, SSPN=10.1325, SSPNE=8.73787,                 
    SAVSI=22.5189, CHSTAT=0.25, SWAFP=0.0, TWISTA=0.0, SSPNDD=0.0,               
    DHDADI=0.0, DHDADO=0.0, TYPE=1.0$                                            
  $HTSCHR TOVC=0.035129, XOVC=0.4, DELTAY=4.0,                                   
    CLALPA(1)=0.095,0.095,0.095,0.095,0.095,                                     
    CLMAX(1)=1.1,0.9375,0.775,0.6125,0.45, CMO=0.0, LERI=0.006,                  
    CLAMO=0.105 $                                                                
  $VTPLNF CHRDR=6.585, CHRDTP=3.86673, SSPN=6.98917, SSPNE=4.19991,              
    SAVSI=47.714, CHSTAT=0.25, SWAFP=0.0, TWISTA=0.0, TYPE=1.0$                  
  $VTSCHR TOVC=0.0352107, XOVC=0.4, CLALPA(1)=0.09,0.09,0.09,0.09,0.09,          
    LERI=0.007 $                                                                 
 CASEID GENERIC SUPERSONIC FIGHTER - BASELINE                                    
 SAVE                                                                            
 NEXT CASE                                                                       
0 INPUT DIMENSIONS ARE IN FT, SCALE FACTOR IS 1.0000

 Return to main program from M01O01
0*** WARNING *** WING NOT STRAIGHT TAPERED. UNIFORM SECTION ASSUMED.
 Return to main program from M50O62
 Return to main program from M02O02
 Return to main program from M51O63
1                               AUTOMATED STABILITY AND CONTROL METHODS PER APRIL 1976 VERSION OF DATCOM
                                         CHARACTERISTICS AT ANGLE OF ATTACK AND IN SIDESLIP
                                                   DATCOM BODY ALONE CONFIGURATION
                                               GENERIC SUPERSONIC FIGHTER - BASELINE
 
 -----------------------  FLIGHT CONDITIONS  ------------------------           --------------  REFERENCE DIMENSIONS  ------------
  MACH    ALTITUDE   VELOCITY    PRESSURE    TEMPERATURE     REYNOLDS             REF.      REFERENCE LENGTH   MOMENT REF. CENTER
 NUMBER                                                       NUMBER              AREA       LONG.     LAT.     HORIZ      VERT
             FT       FT/SEC     LB/FT**2       DEG R         1/FT               FT**2        FT        FT        FT        FT
0 0.600                                                    2.0000E+06           369.814     13.490    35.542    34.000    -0.150
0                                                               -------------------DERIVATIVE (PER DEGREE)-------------------
0 ALPHA     CD       CL       CM       CN       CA       XCP        CLA          CMA          CYB          CNB          CLB
0
   -4.0    0.010   -0.007   -0.0192  -0.008    0.010    2.380    1.849E-03    4.809E-03   -1.849E-03   -1.825E-03    0.000E+00
   -2.0    0.010   -0.004   -0.0096  -0.004    0.010    2.384    1.849E-03    4.809E-03   -1.849E-03   -1.825E-03    0.000E+00
    0.0    0.010    0.000    0.0000   0.000    0.010   ******    1.849E-03    4.809E-03   -1.849E-03   -1.825E-03    0.000E+00
    2.0    0.010    0.004    0.0096   0.004    0.010    2.384    1.849E-03    4.809E-03   -1.849E-03   -1.825E-03    0.000E+00
    4.0    0.010    0.007    0.0192   0.008    0.010    2.380    1.849E-03    4.809E-03   -1.849E-03   -1.825E-03    0.000E+00
    8.0    0.012    0.015    0.0385   0.016    0.010    2.365    1.849E-03    4.809E-03   -1.849E-03   -1.825E-03    0.000E+00
   12.0    0.014    0.022    0.0577   0.025    0.009    2.341    1.849E-03    4.809E-03   -1.849E-03   -1.825E-03    0.000E+00
   16.0    0.018    0.030    0.0769   0.033    0.009    2.309    1.849E-03    4.809E-03   -1.849E-03   -1.825E-03    0.000E+00
   20.0    0.022    0.037    0.0962   0.042    0.008    2.271    1.849E-03    4.809E-03   -1.849E-03   -1.825E-03    0.000E+00
1                               AUTOMATED STABILITY AND CONTROL METHODS PER APRIL 1976 VERSION OF DATCOM
                                         CHARACTERISTICS AT ANGLE OF ATTACK AND IN SIDESLIP
                                                      WING ALONE CONFIGURATION
                                               GENERIC SUPERSONIC FIGHTER - BASELINE
 
 -----------------------  FLIGHT CONDITIONS  ------------------------           --------------  REFERENCE DIMENSIONS  ------------
  MACH    ALTITUDE   VELOCITY    PRESSURE    TEMPERATURE     REYNOLDS             REF.      REFERENCE LENGTH   MOMENT REF. CENTER
 NUMBER                                                       NUMBER              AREA       LONG.     LAT.     HORIZ      VERT
             FT       FT/SEC     LB/FT**2       DEG R         1/FT               FT**2        FT        FT        FT        FT
0 0.600                                                    2.0000E+06           369.814     13.490    35.542    34.000    -0.150
0                                                               -------------------DERIVATIVE (PER DEGREE)-------------------
0 ALPHA     CD       CL       CM       CN       CA       XCP        CLA          CMA          CYB          CNB          CLB
0
   -4.0    0.025   -0.340   -0.0192  -0.341    0.001    0.056    8.503E-02    5.193E-02    1.823E-05    4.983E-05    5.092E-04
   -2.0    0.010   -0.170   -0.0630  -0.170    0.004    0.370    8.503E-02    2.408E-03    4.558E-06    1.242E-05    2.546E-04
    0.0    0.006    0.000   -0.0096   0.000    0.006   ******    8.077E-02    4.812E-02    0.000E+00    0.000E+00   -0.000E+00
    2.0    0.010    0.153    0.1295   0.153    0.004    0.845    7.326E-02    8.781E-02    3.678E-06    1.002E-05   -2.291E-04
    4.0    0.019    0.293    0.3417   0.294   -0.001    1.164    6.484E-02    1.172E-01    1.347E-05    3.664E-05   -4.387E-04
    8.0    0.072    0.511    0.8994   0.516    0.001    1.742    5.567E-02    1.763E-01    4.081E-05    1.109E-04   -7.652E-04
   12.0    0.161    0.738    1.7520   0.756    0.004    2.318    5.875E-02    2.568E-01    8.556E-05    2.304E-04   -1.106E-03
   16.0    0.225    0.981    2.9536   1.005   -0.054    2.939    5.893E-02    3.375E-01    1.509E-04    4.045E-04   -1.469E-03
   20.0    0.302    1.210    4.4523   1.240   -0.130    3.590    5.548E-02    4.118E-01    2.296E-04    6.118E-04   -1.811E-03
0***NOTE*** CRANKED WING ANALYSIS PERFORMED EVEN THOUGH WING HAS A LOW ASPECT RATIO.
1                               AUTOMATED STABILITY AND CONTROL METHODS PER APRIL 1976 VERSION OF DATCOM
                                         CHARACTERISTICS AT ANGLE OF ATTACK AND IN SIDESLIP
                                                    HORIZONTAL TAIL CONFIGURATION
                                               GENERIC SUPERSONIC FIGHTER - BASELINE
 
 -----------------------  FLIGHT CONDITIONS  ------------------------           --------------  REFERENCE DIMENSIONS  ------------
  MACH    ALTITUDE   VELOCITY    PRESSURE    TEMPERATURE     REYNOLDS             REF.      REFERENCE LENGTH   MOMENT REF. CENTER
 NUMBER                                                       NUMBER              AREA       LONG.     LAT.     HORIZ      VERT
             FT       FT/SEC     LB/FT**2       DEG R         1/FT               FT**2        FT        FT        FT        FT
0 0.600                                                    2.0000E+06           369.814     13.490    35.542    34.000    -0.150
0                                                               -------------------DERIVATIVE (PER DEGREE)-------------------
0 ALPHA     CD       CL       CM       CN       CA       XCP        CLA          CMA          CYB          CNB          CLB
0
   -4.0    0.004   -0.064    0.0578  -0.064   -0.001   -0.908    1.657E-02   -1.563E-02    1.157E-06    3.642E-06    1.327E-04
   -2.0    0.002   -0.031    0.0277  -0.031    0.001   -0.889    1.590E-02   -1.445E-02    2.803E-07    8.722E-07    6.495E-05
    0.0    0.002    0.000    0.0000   0.000    0.002   ******    1.556E-02   -1.353E-02    0.000E+00    0.000E+00   -0.000E+00
    2.0    0.002    0.031   -0.0264   0.031    0.001   -0.846    1.590E-02   -1.323E-02    2.803E-07    8.718E-07   -6.495E-05
    4.0    0.004    0.064   -0.0529   0.064   -0.001   -0.831    1.647E-02   -1.339E-02    1.157E-06    3.639E-06   -1.327E-04
    8.0    0.010    0.131   -0.1075   0.132   -0.008   -0.817    1.611E-02   -1.284E-02    4.831E-06    1.554E-05   -2.743E-04
   12.0    0.020    0.192   -0.1557   0.192   -0.021   -0.809    1.137E-02   -9.206E-03    1.016E-05    3.334E-05   -4.017E-04
   16.0    0.026    0.222   -0.1812   0.221   -0.036   -0.820    5.963E-03   -4.903E-03    1.370E-05    4.451E-05   -4.641E-04
   20.0    0.030    0.240   -0.1949   0.236   -0.054   -0.826    2.940E-03   -1.965E-03    1.581E-05    5.192E-05   -5.013E-04
1                               AUTOMATED STABILITY AND CONTROL METHODS PER APRIL 1976 VERSION OF DATCOM
                                         CHARACTERISTICS AT ANGLE OF ATTACK AND IN SIDESLIP
                                                     VERTICAL TAIL CONFIGURATION
                                               GENERIC SUPERSONIC FIGHTER - BASELINE
 
 -----------------------  FLIGHT CONDITIONS  ------------------------           --------------  REFERENCE DIMENSIONS  ------------
  MACH    ALTITUDE   VELOCITY    PRESSURE    TEMPERATURE     REYNOLDS             REF.      REFERENCE LENGTH   MOMENT REF. CENTER
 NUMBER                                                       NUMBER              AREA       LONG.     LAT.     HORIZ      VERT
             FT       FT/SEC     LB/FT**2       DEG R         1/FT               FT**2        FT        FT        FT        FT
0 0.600                                                    2.0000E+06           369.814     13.490    35.542    34.000    -0.150
0                                                               -------------------DERIVATIVE (PER DEGREE)-------------------
0 ALPHA     CD       CL       CM       CN       CA       XCP        CLA          CMA          CYB          CNB          CLB
0
   -4.0    0.000    0.000    0.0000   0.000    NDM     ******    0.000E+00    0.000E+00   -2.321E-03    9.514E-04   -2.840E-04
   -2.0                                                                                                             -2.513E-04
    0.0                                                                                                             -2.182E-04
    2.0                                                                                                             -1.849E-04
    4.0                                                                                                             -1.513E-04
    8.0                                                                                                             -8.366E-05
   12.0                                                                                                             -1.562E-05
   16.0                                                                                                              5.250E-05
   20.0                                                                                                              1.204E-04
0*** NDM PRINTED WHEN NO DATCOM METHODS EXIST
1                               AUTOMATED STABILITY AND CONTROL METHODS PER APRIL 1976 VERSION OF DATCOM
                                         CHARACTERISTICS AT ANGLE OF ATTACK AND IN SIDESLIP
                                                       WING-BODY CONFIGURATION
                                               GENERIC SUPERSONIC FIGHTER - BASELINE
 
 -----------------------  FLIGHT CONDITIONS  ------------------------           --------------  REFERENCE DIMENSIONS  ------------
  MACH    ALTITUDE   VELOCITY    PRESSURE    TEMPERATURE     REYNOLDS             REF.      REFERENCE LENGTH   MOMENT REF. CENTER
 NUMBER                                                       NUMBER              AREA       LONG.     LAT.     HORIZ      VERT
             FT       FT/SEC     LB/FT**2       DEG R         1/FT               FT**2        FT        FT        FT        FT
0 0.600                                                    2.0000E+06           369.814     13.490    35.542    34.000    -0.150
0                                                               -------------------DERIVATIVE (PER DEGREE)-------------------
0 ALPHA     CD       CL       CM       CN       CA       XCP        CLA          CMA          CYB          CNB          CLB
0
   -4.0    0.035   -0.412   -0.0673  -0.413    0.006    0.163    1.030E-01   -3.765E-02   -1.849E-03   -3.239E-03    3.067E-03
   -2.0    0.020   -0.206   -0.0905  -0.207    0.013    0.438    1.030E-01    1.446E-02                              1.534E-03
    0.0    0.016    0.000   -0.0095   0.000    0.016   ******    9.792E-02    6.309E-02                              0.000E+00
    2.0    0.020    0.186    0.1618   0.186    0.013    0.869    8.898E-02    1.050E-01                             -1.383E-03
    4.0    0.030    0.356    0.4105   0.357    0.005    1.150    7.897E-02    1.359E-01                             -2.650E-03
    8.0    0.084    0.623    1.0461   0.628   -0.003    1.665    6.807E-02    1.986E-01                             -4.636E-03
   12.0    0.175    0.900    1.9994   0.917   -0.016    2.180    7.172E-02    2.851E-01                             -6.705E-03
   16.0    0.243    1.196    3.3269   1.217   -0.096    2.734    7.194E-02    3.715E-01                             -8.908E-03
   20.0    0.324    1.476    4.9715   1.498   -0.200    3.319    6.784E-02    4.508E-01                             -1.099E-02
0***NOTE*** CRANKED WING ANALYSIS PERFORMED EVEN THOUGH WING HAS A LOW ASPECT RATIO.
1                               AUTOMATED STABILITY AND CONTROL METHODS PER APRIL 1976 VERSION OF DATCOM
                                         CHARACTERISTICS AT ANGLE OF ATTACK AND IN SIDESLIP
                                                 BODY-HORIZONTAL TAIL CONFIGURATION
                                               GENERIC SUPERSONIC FIGHTER - BASELINE
 
 -----------------------  FLIGHT CONDITIONS  ------------------------           --------------  REFERENCE DIMENSIONS  ------------
  MACH    ALTITUDE   VELOCITY    PRESSURE    TEMPERATURE     REYNOLDS             REF.      REFERENCE LENGTH   MOMENT REF. CENTER
 NUMBER                                                       NUMBER              AREA       LONG.     LAT.     HORIZ      VERT
             FT       FT/SEC     LB/FT**2       DEG R         1/FT               FT**2        FT        FT        FT        FT
0 0.600                                                    2.0000E+06           369.814     13.490    35.542    34.000    -0.150
0                                                               -------------------DERIVATIVE (PER DEGREE)-------------------
0 ALPHA     CD       CL       CM       CN       CA       XCP        CLA          CMA          CYB          CNB          CLB
0
   -4.0    0.014   -0.090    0.0547  -0.091    0.008   -0.602    2.339E-02   -1.506E-02   -1.849E-03   -3.239E-03    1.832E-04
   -2.0    0.012   -0.044    0.0259  -0.045    0.011   -0.582    2.252E-02   -1.366E-02                              8.981E-05
    0.0    0.012    0.000    0.0000   0.000    0.012   ******    2.208E-02   -1.259E-02                              0.000E+00
    2.0    0.012    0.044   -0.0244   0.045    0.011   -0.548    2.252E-02   -1.231E-02                             -8.981E-05
    4.0    0.014    0.090   -0.0492   0.091    0.008   -0.542    2.327E-02   -1.259E-02                             -1.832E-04
    8.0    0.022    0.186   -0.1010   0.187   -0.004   -0.540    2.275E-02   -1.189E-02                             -3.775E-04
   12.0    0.034    0.272   -0.1444   0.273   -0.023   -0.528    1.621E-02   -6.803E-03                             -5.533E-04
   16.0    0.044    0.315   -0.1554   0.315   -0.045   -0.493    8.700E-03   -7.633E-04                             -6.412E-04
   20.0    0.052    0.342   -0.1505   0.339   -0.068   -0.444    4.489E-03    3.247E-03                             -6.949E-04
1                               AUTOMATED STABILITY AND CONTROL METHODS PER APRIL 1976 VERSION OF DATCOM
                                         CHARACTERISTICS AT ANGLE OF ATTACK AND IN SIDESLIP
                                                  BODY-VERTICAL TAIL CONFIGURATION
                                               GENERIC SUPERSONIC FIGHTER - BASELINE
 
 -----------------------  FLIGHT CONDITIONS  ------------------------           --------------  REFERENCE DIMENSIONS  ------------
  MACH    ALTITUDE   VELOCITY    PRESSURE    TEMPERATURE     REYNOLDS             REF.      REFERENCE LENGTH   MOMENT REF. CENTER
 NUMBER                                                       NUMBER              AREA       LONG.     LAT.     HORIZ      VERT
             FT       FT/SEC     LB/FT**2       DEG R         1/FT               FT**2        FT        FT        FT        FT
0 0.600                                                    2.0000E+06           369.814     13.490    35.542    34.000    -0.150
0                                                               -------------------DERIVATIVE (PER DEGREE)-------------------
0 ALPHA     CD       CL       CM       CN       CA       XCP        CLA          CMA          CYB          CNB          CLB
0
   -4.0    0.010   -0.007   -0.0192  -0.008    0.010    2.373    1.849E-03    4.809E-03   -4.169E-03   -8.740E-04   -2.840E-04
   -2.0    0.010   -0.004   -0.0096  -0.004    0.010    2.377    1.849E-03    4.809E-03                             -2.513E-04
    0.0    0.010    0.000    0.0000   0.000    0.010   ******    1.849E-03    4.809E-03                             -2.182E-04
    2.0    0.010    0.004    0.0096   0.004    0.010    2.377    1.849E-03    4.809E-03                             -1.849E-04
    4.0    0.010    0.007    0.0192   0.008    0.010    2.373    1.849E-03    4.809E-03                             -1.513E-04
    8.0    0.012    0.015    0.0385   0.016    0.010    2.358    1.849E-03    4.809E-03                             -8.366E-05
   12.0    0.015    0.022    0.0577   0.025    0.010    2.334    1.849E-03    4.809E-03                             -1.562E-05
   16.0    0.018    0.030    0.0769   0.033    0.009    2.302    1.849E-03    4.809E-03                              5.250E-05
   20.0    0.023    0.037    0.0962   0.042    0.009    2.265    1.849E-03    4.809E-03                              1.204E-04
1                               AUTOMATED STABILITY AND CONTROL METHODS PER APRIL 1976 VERSION OF DATCOM
                                         CHARACTERISTICS AT ANGLE OF ATTACK AND IN SIDESLIP
                                               WING-BODY-HORIZONTAL TAIL CONFIGURATION
                                               GENERIC SUPERSONIC FIGHTER - BASELINE
 
 -----------------------  FLIGHT CONDITIONS  ------------------------           --------------  REFERENCE DIMENSIONS  ------------
  MACH    ALTITUDE   VELOCITY    PRESSURE    TEMPERATURE     REYNOLDS             REF.      REFERENCE LENGTH   MOMENT REF. CENTER
 NUMBER                                                       NUMBER              AREA       LONG.     LAT.     HORIZ      VERT
             FT       FT/SEC     LB/FT**2       DEG R         1/FT               FT**2        FT        FT        FT        FT
0 0.600                                                    2.0000E+06           369.814     13.490    35.542    34.000    -0.150
0                                                               -------------------DERIVATIVE (PER DEGREE)-------------------
0 ALPHA     CD       CL       CM       CN       CA       XCP        CLA          CMA          CYB          CNB          CLB
0
   -4.0    NDM      NDM       NDM     NDM      NDM      NDM        NDM          NDM       -1.848E-03   -3.235E-03    3.200E-03
   -2.0    NDM      NDM       NDM     NDM      NDM      NDM        NDM          NDM                                  1.599E-03
    0.0    NDM      NDM       NDM     NDM      NDM      NDM        NDM          NDM                                  0.000E+00
    2.0    NDM      NDM       NDM     NDM      NDM      NDM        NDM          NDM                                 -1.448E-03
    4.0    NDM      NDM       NDM     NDM      NDM      NDM        NDM          NDM                                 -2.783E-03
    8.0    NDM      NDM       NDM     NDM      NDM      NDM        NDM          NDM                                 -4.910E-03
   12.0    NDM      NDM       NDM     NDM      NDM      NDM        NDM          NDM                                 -7.106E-03
   16.0    NDM      NDM       NDM     NDM      NDM      NDM        NDM          NDM                                 -9.372E-03
   20.0    NDM      NDM       NDM     NDM      NDM      NDM        NDM          NDM                                 -1.149E-02
0                                    ALPHA     Q/QINF    EPSLON  D(EPSLON)/D(ALPHA)
0
                                     -4.0       NDM       NDM          NDM 
                                     -2.0       NDM       NDM          NDM 
                                      0.0       NDM       NDM          NDM 
                                      2.0       NDM       NDM          NDM 
                                      4.0       NDM       NDM          NDM 
                                      8.0       NDM       NDM          NDM 
                                     12.0       NDM       NDM          NDM 
                                     16.0       NDM       NDM          NDM 
