SUMMARY OF DATA CARDS FOR NASA/AMES WING-BODY PROGRAM
  1  This test case should be similar to case1 in WaveDrag                                                                               
  2   &BODY  lnose=50, ltail=50, lbody=300, radius=10, xstart=100,                                                                       
  3     sref=45000, cbar=100, refmom=165,                                                                                                
  4   &                                                                                                                                  
  5   &WING  rootle=100, rootte=240, rooty=10,                                                                                           
  6         tiple=240,  tipte=240,  tipy=150,  rows=8, cols=8,                                                                           
  7         tcroot=0.03, tctip=0.03,                                                                                                     
  8   &                                                                                                                                  
  9   &AERO  CASE=2,&                                                                                                                    
 10   &INCR  DELTA=2,&                                                                                                                   
 11                                                                                                                                      
END OF DATA CARDS 



NASA/AMES WING-BODY PROGRAM                                           PAGE   1
This test case should be similar to case1 in WaveDrag                           
CHARACTERISTICS OF ISOLATED BODY AT MACH=  0.000
   ANGLE OF ATTACK=  0.000  DEGREES
Cp ALONG MERIDIANS OF BODY

                                   theta
     x            0.00      22.50      67.50     112.50     157.50     180.00
    0.00000    0.56869    0.56869    0.56869    0.56869    0.56869    0.56869
    6.00000    0.26822    0.26822    0.26822    0.26822    0.26822    0.26822
   12.00000    0.12531    0.12531    0.12531    0.12531    0.12531    0.12531
   18.00000    0.02933    0.02933    0.02933    0.02933    0.02933    0.02933
   24.00000   -0.04024   -0.04024   -0.04024   -0.04024   -0.04024   -0.04024
   30.00000   -0.08938   -0.08938   -0.08938   -0.08938   -0.08938   -0.08938
   36.00000   -0.12020   -0.12020   -0.12020   -0.12020   -0.12020   -0.12020
   42.00000   -0.13168   -0.13168   -0.13168   -0.13168   -0.13168   -0.13168
   48.00000   -0.11357   -0.11357   -0.11357   -0.11357   -0.11357   -0.11357
   54.00000   -0.05302   -0.05302   -0.05302   -0.05302   -0.05302   -0.05302
   60.00000   -0.03490   -0.03490   -0.03490   -0.03490   -0.03490   -0.03490
   66.00000   -0.02545   -0.02545   -0.02545   -0.02545   -0.02545   -0.02545
   72.00000   -0.01972   -0.01972   -0.01972   -0.01972   -0.01972   -0.01972
   78.00000   -0.01590   -0.01590   -0.01590   -0.01590   -0.01590   -0.01590
   84.00000   -0.01322   -0.01322   -0.01322   -0.01322   -0.01322   -0.01322
   90.00000   -0.01126   -0.01126   -0.01126   -0.01126   -0.01126   -0.01126
   96.00000   -0.00980   -0.00980   -0.00980   -0.00980   -0.00980   -0.00980
  102.00000   -0.00868   -0.00868   -0.00868   -0.00868   -0.00868   -0.00868
  108.00000   -0.00781   -0.00781   -0.00781   -0.00781   -0.00781   -0.00781
  114.00000   -0.00713   -0.00713   -0.00713   -0.00713   -0.00713   -0.00713
  120.00000   -0.00661   -0.00661   -0.00661   -0.00661   -0.00661   -0.00661
  126.00000   -0.00622   -0.00622   -0.00622   -0.00622   -0.00622   -0.00622
  132.00000   -0.00591   -0.00591   -0.00591   -0.00591   -0.00591   -0.00591
  138.00000   -0.00570   -0.00570   -0.00570   -0.00570   -0.00570   -0.00570
  144.00000   -0.00557   -0.00557   -0.00557   -0.00557   -0.00557   -0.00557
  150.00000   -0.00551   -0.00551   -0.00551   -0.00551   -0.00551   -0.00551
  156.00000   -0.00552   -0.00552   -0.00552   -0.00552   -0.00552   -0.00552
  162.00000   -0.00561   -0.00561   -0.00561   -0.00561   -0.00561   -0.00561
  168.00000   -0.00576   -0.00576   -0.00576   -0.00576   -0.00576   -0.00576
  174.00000   -0.00602   -0.00602   -0.00602   -0.00602   -0.00602   -0.00602
  180.00000   -0.00636   -0.00636   -0.00636   -0.00636   -0.00636   -0.00636
  186.00000   -0.00681   -0.00681   -0.00681   -0.00681   -0.00681   -0.00681
  192.00000   -0.00743   -0.00743   -0.00743   -0.00743   -0.00743   -0.00743
  198.00000   -0.00822   -0.00822   -0.00822   -0.00822   -0.00822   -0.00822
  204.00000   -0.00925   -0.00925   -0.00925   -0.00925   -0.00925   -0.00925
  210.00000   -0.01061   -0.01061   -0.01061   -0.01061   -0.01061   -0.01061
  216.00000   -0.01248   -0.01248   -0.01248   -0.01248   -0.01248   -0.01248
  222.00000   -0.01502   -0.01502   -0.01502   -0.01502   -0.01502   -0.01502
  228.00000   -0.01866   -0.01866   -0.01866   -0.01866   -0.01866   -0.01866
  234.00000   -0.02417   -0.02417   -0.02417   -0.02417   -0.02417   -0.02417
  240.00000   -0.03337   -0.03337   -0.03337   -0.03337   -0.03337   -0.03337
  246.00000   -0.05113   -0.05113   -0.05113   -0.05113   -0.05113   -0.05113
  252.00000   -0.11113   -0.11113   -0.11113   -0.11113   -0.11113   -0.11113
  258.00000   -0.12885   -0.12885   -0.12885   -0.12885   -0.12885   -0.12885
  264.00000   -0.11556   -0.11556   -0.11556   -0.11556   -0.11556   -0.11556
  270.00000   -0.08575   -0.08575   -0.08575   -0.08575   -0.08575   -0.08575
  276.00000   -0.03074   -0.03074   -0.03074   -0.03074   -0.03074   -0.03074
  282.00000    0.01215    0.01215    0.01215    0.01215    0.01215    0.01215
  288.00000    0.00312    0.00312    0.00312    0.00312    0.00312    0.00312
  294.00000   -6.29575   -6.29575   -6.29575   -6.29575   -6.29575   -6.29575
  300.00000-3557.55591-3557.55591-3557.55591-3557.55615-3557.55615-3557.55591



NASA/AMES WING-BODY PROGRAM                                           PAGE   2
This test case should be similar to case1 in WaveDrag                           
CHARACTERISTICS OF BODY IN PRESENCE OF WING AT MACH=  0.000
   ANGLE OF ATTACK=  0.000  DEGREES
Cp ALONG MERIDIANS OF BODY

                                   theta
     x            0.00      22.50      67.50     112.50     157.50     180.00
    0.00000    0.56869    0.56869    0.56869    0.56869    0.56869    0.56869
    6.00000    0.26822    0.26822    0.26822    0.26822    0.26822    0.26822
   12.00000    0.12531    0.12531    0.12531    0.12531    0.12531    0.12531
   18.00000    0.02933    0.02933    0.02933    0.02933    0.02933    0.02933
   24.00000   -0.04024   -0.04024   -0.04024   -0.04024   -0.04024   -0.04024
   30.00000   -0.08938   -0.08938   -0.08938   -0.08938   -0.08938   -0.08938
   36.00000   -0.12020   -0.12020   -0.12020   -0.12020   -0.12020   -0.12020
   42.00000   -0.13168   -0.13168   -0.13168   -0.13168   -0.13168   -0.13168
   48.00000   -0.11357   -0.11357   -0.11357   -0.11357   -0.11357   -0.11357
   54.00000   -0.05302   -0.05302   -0.05302   -0.05302   -0.05302   -0.05302
   60.00000   -0.03490   -0.03490   -0.03490   -0.03490   -0.03490   -0.03490
   66.00000   -0.02545   -0.02545   -0.02545   -0.02545   -0.02545   -0.02545
   72.00000   -0.01972   -0.01972   -0.01972   -0.01972   -0.01972   -0.01972
   78.00000   -0.01590   -0.01590   -0.01590   -0.01590   -0.01590   -0.01590
   84.00000   -0.01322   -0.01322   -0.01322   -0.01322   -0.01322   -0.01322
   90.00000   -0.01126   -0.01126   -0.01126   -0.01126   -0.01126   -0.01126
   96.00000   -0.00980   -0.00980   -0.00980   -0.00980   -0.00980   -0.00980
  102.00000   -0.00868   -0.00868   -0.00868   -0.00868   -0.00868   -0.00868
  108.00000   -0.00781   -0.00781   -0.00781   -0.00781   -0.00781   -0.00781
  114.00000    0.00286    0.00285    0.01365    0.01365    0.00285    0.00286
  120.00000   -0.00203   -0.00201    0.00397    0.00397   -0.00201   -0.00203
  126.00000   -0.00671   -0.00672   -0.00489   -0.00489   -0.00672   -0.00671
  132.00000   -0.01124   -0.01123   -0.01286   -0.01286   -0.01123   -0.01124
  138.00000   -0.01559   -0.01561   -0.01994   -0.01994   -0.01561   -0.01559
  144.00000   -0.02030   -0.02028   -0.02588   -0.02588   -0.02028   -0.02030
  150.00000   -0.02436   -0.02437   -0.03114   -0.03114   -0.02437   -0.02436
  156.00000   -0.02789   -0.02788   -0.03572   -0.03572   -0.02788   -0.02789
  162.00000   -0.03081   -0.03081   -0.03963   -0.03963   -0.03081   -0.03081
  168.00000   -0.03360   -0.03359   -0.04365   -0.04365   -0.03359   -0.03360
  174.00000   -0.03558   -0.03558   -0.04658   -0.04658   -0.03558   -0.03558
  180.00000   -0.03671   -0.03671   -0.04833   -0.04833   -0.03671   -0.03671
  186.00000   -0.03703   -0.03702   -0.04893   -0.04893   -0.03702   -0.03703
  192.00000   -0.03662   -0.03663   -0.04951   -0.04951   -0.03663   -0.03662
  198.00000   -0.03545   -0.03544   -0.04862   -0.04862   -0.03544   -0.03545
  204.00000   -0.03347   -0.03349   -0.04584   -0.04584   -0.03349   -0.03347
  210.00000   -0.03089   -0.03087   -0.04127   -0.04127   -0.03087   -0.03089
  216.00000   -0.02495   -0.02497   -0.02938   -0.02938   -0.02497   -0.02495
  222.00000   -0.01887   -0.01885   -0.01626   -0.01626   -0.01885   -0.01887
  228.00000   -0.01549   -0.01551   -0.00755   -0.00755   -0.01551   -0.01549
  234.00000   -0.01571   -0.01570   -0.00399   -0.00399   -0.01570   -0.01571
  240.00000   -0.02236   -0.02237   -0.00979   -0.00979   -0.02237   -0.02236
  246.00000   -0.03984   -0.03984   -0.02864   -0.02864   -0.03984   -0.03984
  252.00000   -0.09978   -0.09977   -0.09005   -0.09005   -0.09977   -0.09978
  258.00000   -0.11766   -0.11764   -0.10947   -0.10947   -0.11764   -0.11766
  264.00000   -0.10470   -0.10474   -0.09814   -0.09814   -0.10474   -0.10470
  270.00000   -0.07541   -0.07552   -0.07055   -0.07055   -0.07552   -0.07541
  276.00000   -0.02124   -0.02134   -0.01802   -0.01802   -0.02134   -0.02124
  282.00000    0.02067    0.02051    0.02215    0.02215    0.02051    0.02067
  288.00000    0.01021    0.01022    0.01015    0.01015    0.01022    0.01021
  294.00000   -6.29184   -6.29014   -6.29196   -6.29196   -6.29014   -6.29184
  300.00000-3557.46118-3557.55200-3557.55542-3557.55591-3557.55200-3557.46118
 starting 705 loop



NASA/AMES WING-BODY PROGRAM                                           PAGE   3
This test case should be similar to case1 in WaveDrag                           
 CASE= 2     CP METHOD= 0 ON WING AND  1 ON BODY
SREF=   45000.000000
CBAR=100.000000
MOMENT REFERENCE=165.000000
MACH= 0.0000
          64 WING PANELS          32 BODY PANELS
CONFIGURATION ANGLE OF ATTACK=  0.000 DEGREES
WING CAMBER SLOPE
     0.000000     0.000000     0.000000     0.000000     0.000000
     0.000000     0.000000     0.000000     0.000000     0.000000
     0.000000     0.000000     0.000000     0.000000     0.000000
     0.000000     0.000000     0.000000     0.000000     0.000000
     0.000000     0.000000     0.000000     0.000000     0.000000
     0.000000     0.000000     0.000000     0.000000     0.000000
     0.000000     0.000000     0.000000     0.000000     0.000000
     0.000000     0.000000     0.000000     0.000000     0.000000
     0.000000     0.000000     0.000000     0.000000     0.000000
     0.000000     0.000000     0.000000     0.000000     0.000000
     0.000000     0.000000     0.000000     0.000000     0.000000
     0.000000     0.000000     0.000000     0.000000     0.000000
     0.000000     0.000000     0.000000     0.000000
WING THICKNESS SLOPES
      0.052500     0.037500     0.022500     0.007500    -0.007500
     -0.022500    -0.037500    -0.052500     0.052500     0.037500
      0.022500     0.007500    -0.007500    -0.022500    -0.037500
     -0.052500     0.052500     0.037500     0.022500     0.007500
     -0.007500    -0.022500    -0.037500    -0.052500     0.052500
      0.037500     0.022500     0.007500    -0.007500    -0.022500
     -0.037500    -0.052500     0.052500     0.037500     0.022500
      0.007500    -0.007500    -0.022500    -0.037500    -0.052500
      0.052500     0.037500     0.022500     0.007500    -0.007500
     -0.022500    -0.037500    -0.052500     0.052500     0.037500
      0.022500     0.007500    -0.007500    -0.022500    -0.037500
     -0.052500     0.052500     0.037500     0.022500     0.007500
     -0.007500    -0.022500    -0.037500    -0.052500
WING UPPER SURFACE CP
      0.023142    -0.015648    -0.036627    -0.049110    -0.054803
     -0.053369    -0.042350    -0.010042     0.016445    -0.026022
     -0.046717    -0.058051    -0.061817    -0.057209    -0.040115
      0.009545     0.011625    -0.031461    -0.051869    -0.062239
     -0.064377    -0.057254    -0.036418     0.017802     0.008297
     -0.034648    -0.054547    -0.064074    -0.065056    -0.056522
     -0.034203     0.021155     0.006184    -0.036431    -0.055868
     -0.064826    -0.065180    -0.056024    -0.033177     0.022506
      0.004897    -0.037450    -0.056594    -0.065253    -0.065322
     -0.055914    -0.032872     0.022932     0.003961    -0.038235
     -0.057235    -0.065759    -0.065706    -0.056192    -0.033065
      0.022801     0.002880    -0.039251    -0.058189    -0.066654
     -0.066547    -0.056985    -0.033814     0.022092
WING LOWER SURFACE CP
      0.023142    -0.015648    -0.036627    -0.049110    -0.054803
     -0.053369    -0.042350    -0.010042     0.016445    -0.026022
     -0.046717    -0.058051    -0.061817    -0.057209    -0.040115
      0.009545     0.011625    -0.031461    -0.051869    -0.062239
     -0.064377    -0.057254    -0.036418     0.017802     0.008297
     -0.034648    -0.054547    -0.064074    -0.065056    -0.056522
     -0.034203     0.021155     0.006184    -0.036431    -0.055868
     -0.064826    -0.065180    -0.056024    -0.033177     0.022506
      0.004897    -0.037450    -0.056594    -0.065253    -0.065322
     -0.055914    -0.032872     0.022932     0.003961    -0.038235
     -0.057235    -0.065759    -0.065706    -0.056192    -0.033065
      0.022801     0.002880    -0.039251    -0.058189    -0.066654
     -0.066547    -0.056985    -0.033814     0.022092
WING DELTA-CP
      0.000000     0.000000     0.000000     0.000000     0.000000
      0.000000     0.000000     0.000000     0.000000     0.000000
      0.000000     0.000000     0.000000     0.000000     0.000000
      0.000000     0.000000     0.000000     0.000000     0.000000
      0.000000     0.000000     0.000000     0.000000     0.000000
      0.000000     0.000000     0.000000     0.000000     0.000000
      0.000000     0.000000     0.000000     0.000000     0.000000
      0.000000     0.000000     0.000000     0.000000     0.000000
      0.000000     0.000000     0.000000     0.000000     0.000000
      0.000000     0.000000     0.000000     0.000000     0.000000
      0.000000     0.000000     0.000000     0.000000     0.000000
      0.000000     0.000000     0.000000     0.000000     0.000000
      0.000000     0.000000     0.000000     0.000000
UPPER MACH NOS.
       0.00000      0.00000      0.00000      0.00000      0.00000
       0.00000      0.00000      0.00000      0.00000      0.00000
       0.00000      0.00000      0.00000      0.00000      0.00000
       0.00000      0.00000      0.00000      0.00000      0.00000
       0.00000      0.00000      0.00000      0.00000      0.00000
       0.00000      0.00000      0.00000      0.00000      0.00000
       0.00000      0.00000      0.00000      0.00000      0.00000
       0.00000      0.00000      0.00000      0.00000      0.00000
       0.00000      0.00000      0.00000      0.00000      0.00000
       0.00000      0.00000      0.00000      0.00000      0.00000
       0.00000      0.00000      0.00000      0.00000      0.00000
       0.00000      0.00000      0.00000      0.00000      0.00000
       0.00000      0.00000      0.00000      0.00000
LOWER MACH NOS.
       0.00000      0.00000      0.00000      0.00000      0.00000
       0.00000      0.00000      0.00000      0.00000      0.00000
       0.00000      0.00000      0.00000      0.00000      0.00000
       0.00000      0.00000      0.00000      0.00000      0.00000
       0.00000      0.00000      0.00000      0.00000      0.00000
       0.00000      0.00000      0.00000      0.00000      0.00000
       0.00000      0.00000      0.00000      0.00000      0.00000
       0.00000      0.00000      0.00000      0.00000      0.00000
       0.00000      0.00000      0.00000      0.00000      0.00000
       0.00000      0.00000      0.00000      0.00000      0.00000
       0.00000      0.00000      0.00000      0.00000      0.00000
       0.00000      0.00000      0.00000      0.00000      0.00000
       0.00000      0.00000      0.00000      0.00000
PW ARRAY
      0.000000     0.000000     0.000000     0.000000     0.000000
      0.000000     0.000000     0.000000     0.000000     0.000000
      0.000000     0.000000     0.000000     0.000000     0.000000
      0.000000     0.000000     0.000000     0.000000     0.000000
      0.000000     0.000000     0.000000     0.000000     0.000000
      0.000000     0.000000     0.000000     0.000000     0.000000
      0.000000     0.000000     0.000000     0.000000     0.000000
      0.000000     0.000000     0.000000     0.000000     0.000000
      0.000000     0.000000     0.000000     0.000000     0.000000
      0.000000     0.000000     0.000000     0.000000     0.000000
      0.000000     0.000000     0.000000     0.000000     0.000000
      0.000000     0.000000     0.000000     0.000000     0.000000
      0.000000     0.000000     0.000000     0.000000
PB ARRAY
    -0.000062    -0.003904    -0.002019     0.001324     0.003404
     0.003432     0.000247    -0.001436    -0.013505    -0.003903
     0.006003     0.011401     0.013059     0.002476    -0.010691
    -0.001495    -0.013505    -0.003903     0.006003     0.011401
     0.013059     0.002476    -0.010691    -0.001495    -0.000062
    -0.003904    -0.002019     0.001324     0.003404     0.003432
     0.000247    -0.001436



NASA/AMES WING-BODY PROGRAM                                           PAGE   4
This test case should be similar to case1 in WaveDrag                           
Mach=   0.000000        angle of attack=   0.000000    
SREF=    45000.0    CBAR=    100.000    REFMOM=    165.000    
                         Isolated
                           body      body      wing      wing-body
Lift coeff..............   0.00000   0.00000   0.00000   0.00000
Drag coeff..............   0.00450   0.00443   0.00007   0.00449
Friction drag coeff.....   0.00000   0.00000   0.00000   0.00000
Pitching moment coeff...   0.00000   0.00000   0.00000   0.00000
Normal coeff............   0.00000   0.00000   0.00000   0.00000
Axial coeff.............   0.00450   0.00443   0.00007   0.00449
Center of pressure......   165.000   165.000   165.000   165.000



NASA/AMES WING-BODY PROGRAM                                           PAGE   5
This test case should be similar to case1 in WaveDrag                           
CHARACTERISTICS OF ISOLATED BODY AT MACH=  0.000
   ANGLE OF ATTACK=  2.000  DEGREES
Cp ALONG MERIDIANS OF BODY

                                   theta
     x            0.00      22.50      67.50     112.50     157.50     180.00
    0.00000    0.50050    0.49989    0.50573    0.54450    0.59349    0.60182
    6.00000    0.21650    0.21980    0.24466    0.28400    0.31478    0.31931
   12.00000    0.08627    0.08854    0.10625    0.13611    0.16062    0.16430
   18.00000   -0.00292   -0.00114    0.01308    0.03775    0.05842    0.06155
   24.00000   -0.06621   -0.06489   -0.05399   -0.03412   -0.01692   -0.01429
   30.00000   -0.10950   -0.10861   -0.10083   -0.08543   -0.07144   -0.06927
   36.00000   -0.13479   -0.13432   -0.12950   -0.11833   -0.10735   -0.10560
   42.00000   -0.14116   -0.14108   -0.13904   -0.13179   -0.12357   -0.12221
   48.00000   -0.11874   -0.11900   -0.11935   -0.11539   -0.10944   -0.10840
   54.00000   -0.05559   -0.05607   -0.05792   -0.05595   -0.05132   -0.05045
   60.00000   -0.03642   -0.03699   -0.03946   -0.03829   -0.03417   -0.03337
   66.00000   -0.02644   -0.02705   -0.02985   -0.02909   -0.02522   -0.02445
   72.00000   -0.02040   -0.02104   -0.02404   -0.02352   -0.01979   -0.01904
   78.00000   -0.01638   -0.01704   -0.02016   -0.01979   -0.01615   -0.01542
   84.00000   -0.01357   -0.01425   -0.01745   -0.01718   -0.01360   -0.01287
   90.00000   -0.01152   -0.01220   -0.01546   -0.01526   -0.01172   -0.01099
   96.00000   -0.01000   -0.01069   -0.01398   -0.01383   -0.01032   -0.00960
  102.00000   -0.00883   -0.00952   -0.01285   -0.01273   -0.00924   -0.00852
  108.00000   -0.00793   -0.00863   -0.01198   -0.01189   -0.00841   -0.00769
  114.00000   -0.00722   -0.00792   -0.01129   -0.01122   -0.00776   -0.00704
  120.00000   -0.00668   -0.00738   -0.01076   -0.01071   -0.00725   -0.00654
  126.00000   -0.00627   -0.00698   -0.01037   -0.01033   -0.00688   -0.00617
  132.00000   -0.00595   -0.00665   -0.01005   -0.01003   -0.00659   -0.00587
  138.00000   -0.00572   -0.00643   -0.00984   -0.00982   -0.00639   -0.00567
  144.00000   -0.00558   -0.00629   -0.00970   -0.00969   -0.00627   -0.00556
  150.00000   -0.00551   -0.00622   -0.00964   -0.00964   -0.00622   -0.00551
  156.00000   -0.00551   -0.00622   -0.00965   -0.00965   -0.00624   -0.00553
  162.00000   -0.00558   -0.00629   -0.00973   -0.00975   -0.00634   -0.00563
  168.00000   -0.00573   -0.00644   -0.00988   -0.00991   -0.00651   -0.00580
  174.00000   -0.00597   -0.00668   -0.01013   -0.01017   -0.00677   -0.00607
  180.00000   -0.00629   -0.00700   -0.01046   -0.01051   -0.00713   -0.00643
  186.00000   -0.00672   -0.00744   -0.01090   -0.01097   -0.00761   -0.00691
  192.00000   -0.00731   -0.00803   -0.01151   -0.01160   -0.00825   -0.00755
  198.00000   -0.00807   -0.00879   -0.01228   -0.01239   -0.00907   -0.00837
  204.00000   -0.00905   -0.00977   -0.01328   -0.01343   -0.01014   -0.00945
  210.00000   -0.01035   -0.01107   -0.01461   -0.01481   -0.01156   -0.01088
  216.00000   -0.01212   -0.01285   -0.01643   -0.01670   -0.01350   -0.01283
  222.00000   -0.01453   -0.01527   -0.01891   -0.01928   -0.01616   -0.01550
  228.00000   -0.01798   -0.01873   -0.02246   -0.02298   -0.01999   -0.01934
  234.00000   -0.02318   -0.02395   -0.02782   -0.02857   -0.02578   -0.02516
  240.00000   -0.03184   -0.03264   -0.03677   -0.03794   -0.03546   -0.03489
  246.00000   -0.04855   -0.04942   -0.05406   -0.05602   -0.05417   -0.05370
  252.00000   -0.10596   -0.10700   -0.11295   -0.11690   -0.11655   -0.11629
  258.00000   -0.11936   -0.12072   -0.12895   -0.13621   -0.13825   -0.13833
  264.00000   -0.10099   -0.10274   -0.11370   -0.12485   -0.12965   -0.13012
  270.00000   -0.06555   -0.06773   -0.08176   -0.09722   -0.10505   -0.10595
  276.00000   -0.00506   -0.00767   -0.02472   -0.04439   -0.05514   -0.05644
  282.00000    0.04545    0.04224    0.02098   -0.00452   -0.01933   -0.02120
  288.00000    0.03750    0.03417    0.01215   -0.01418   -0.02940   -0.03131
  294.00000   -6.15862   -6.16970   -6.24704   -6.35224   -6.42366   -6.43351
  300.00000-3541.87598-3543.07544-3551.59180-3563.60571-3572.07910-3573.27002



NASA/AMES WING-BODY PROGRAM                                           PAGE   6
This test case should be similar to case1 in WaveDrag                           
CHARACTERISTICS OF BODY IN PRESENCE OF WING AT MACH=  0.000
   ANGLE OF ATTACK=  2.000  DEGREES
Cp ALONG MERIDIANS OF BODY

                                   theta
     x            0.00      22.50      67.50     112.50     157.50     180.00
    0.00000    0.50050    0.49989    0.50573    0.54450    0.59349    0.60182
    6.00000    0.21650    0.21980    0.24466    0.28400    0.31478    0.31931
   12.00000    0.08627    0.08854    0.10625    0.13611    0.16062    0.16430
   18.00000   -0.00292   -0.00114    0.01308    0.03775    0.05842    0.06155
   24.00000   -0.06621   -0.06489   -0.05399   -0.03412   -0.01692   -0.01429
   30.00000   -0.10950   -0.10861   -0.10083   -0.08543   -0.07144   -0.06927
   36.00000   -0.13479   -0.13432   -0.12950   -0.11833   -0.10735   -0.10560
   42.00000   -0.14116   -0.14108   -0.13904   -0.13179   -0.12357   -0.12221
   48.00000   -0.11874   -0.11900   -0.11935   -0.11539   -0.10944   -0.10840
   54.00000   -0.05559   -0.05607   -0.05792   -0.05595   -0.05132   -0.05045
   60.00000   -0.03642   -0.03699   -0.03946   -0.03829   -0.03417   -0.03337
   66.00000   -0.02644   -0.02705   -0.02985   -0.02909   -0.02522   -0.02445
   72.00000   -0.02040   -0.02104   -0.02404   -0.02352   -0.01979   -0.01904
   78.00000   -0.01638   -0.01704   -0.02016   -0.01979   -0.01615   -0.01542
   84.00000   -0.01357   -0.01425   -0.01745   -0.01718   -0.01360   -0.01287
   90.00000   -0.01152   -0.01220   -0.01546   -0.01526   -0.01172   -0.01099
   96.00000   -0.01000   -0.01069   -0.01398   -0.01383   -0.01032   -0.00960
  102.00000   -0.00883   -0.00952   -0.01285   -0.01273   -0.00924   -0.00852
  108.00000   -0.00793   -0.00863   -0.01198   -0.01189   -0.00841   -0.00769
  114.00000   -0.05033   -0.05114   -0.05891    0.08222    0.05572    0.05603
  120.00000   -0.05266   -0.05342   -0.06346    0.06775    0.04839    0.04857
  126.00000   -0.05489   -0.05562   -0.06745    0.05433    0.04125    0.04143
  132.00000   -0.05699   -0.05768   -0.07085    0.04199    0.03437    0.03443
  138.00000   -0.05905   -0.05968   -0.07362    0.03078    0.02767    0.02778
  144.00000   -0.06154   -0.06213   -0.07558    0.02095    0.02080    0.02085
  150.00000   -0.06348   -0.06399   -0.07708    0.01200    0.01452    0.01465
  156.00000   -0.06478   -0.06526   -0.07813    0.00394    0.00880    0.00888
  162.00000   -0.06556   -0.06596   -0.07872   -0.00325    0.00364    0.00382
  168.00000   -0.06609   -0.06646   -0.07991   -0.01006   -0.00139   -0.00124
  174.00000   -0.06592   -0.06618   -0.08009   -0.01574   -0.00564   -0.00539
  180.00000   -0.06480   -0.06506   -0.07910   -0.02022   -0.00901   -0.00877
  186.00000   -0.06298   -0.06312   -0.07698   -0.02352   -0.01156   -0.01123
  192.00000   -0.06028   -0.06042   -0.07484   -0.02679   -0.01347   -0.01312
  198.00000   -0.05695   -0.05695   -0.07127   -0.02856   -0.01455   -0.01411
  204.00000   -0.05274   -0.05278   -0.06584   -0.02843   -0.01482   -0.01437
  210.00000   -0.04806   -0.04798   -0.05864   -0.02649   -0.01438   -0.01388
  216.00000   -0.03979   -0.03978   -0.04372   -0.01760   -0.01076   -0.01027
  222.00000   -0.03150   -0.03141   -0.02761   -0.00747   -0.00690   -0.00640
  228.00000   -0.02594   -0.02595   -0.01633   -0.00136   -0.00568   -0.00521
  234.00000   -0.02414   -0.02413   -0.01060   -0.00005   -0.00789   -0.00744
  240.00000   -0.02873   -0.02891   -0.01488   -0.00747   -0.01648   -0.01613
  246.00000   -0.04396   -0.04427   -0.03261   -0.02757   -0.03606   -0.03585
  252.00000   -0.10018   -0.10072   -0.09240   -0.09074   -0.09949   -0.09948
  258.00000   -0.11297   -0.11361   -0.10970   -0.11259   -0.12240   -0.12243
  264.00000   -0.09398   -0.09508   -0.09613   -0.10399   -0.11518   -0.11548
  270.00000   -0.05830   -0.05981   -0.06626   -0.07935   -0.09213   -0.09255
  276.00000    0.00246    0.00022   -0.01168   -0.02978   -0.04393   -0.04496
  282.00000    0.05269    0.04981    0.03118    0.00653   -0.01001   -0.01138
  288.00000    0.04445    0.04113    0.01913   -0.00706   -0.02216   -0.02408
  294.00000   -6.15068   -6.16363   -6.24364   -6.34945   -6.41868   -6.43368
  300.00000-3541.94360-3543.07080-3551.59375-3563.61279-3572.07715-3573.01221
 starting 705 loop



NASA/AMES WING-BODY PROGRAM                                           PAGE   7
This test case should be similar to case1 in WaveDrag                           
 CASE= 2     CP METHOD= 0 ON WING AND  1 ON BODY
SREF=   45000.000000
CBAR=100.000000
MOMENT REFERENCE=165.000000
MACH= 0.0000
          64 WING PANELS          32 BODY PANELS
CONFIGURATION ANGLE OF ATTACK=  2.000 DEGREES
WING CAMBER SLOPE
     0.000000     0.000000     0.000000     0.000000     0.000000
     0.000000     0.000000     0.000000     0.000000     0.000000
     0.000000     0.000000     0.000000     0.000000     0.000000
     0.000000     0.000000     0.000000     0.000000     0.000000
     0.000000     0.000000     0.000000     0.000000     0.000000
     0.000000     0.000000     0.000000     0.000000     0.000000
     0.000000     0.000000     0.000000     0.000000     0.000000
     0.000000     0.000000     0.000000     0.000000     0.000000
     0.000000     0.000000     0.000000     0.000000     0.000000
     0.000000     0.000000     0.000000     0.000000     0.000000
     0.000000     0.000000     0.000000     0.000000     0.000000
     0.000000     0.000000     0.000000     0.000000     0.000000
     0.000000     0.000000     0.000000     0.000000
WING THICKNESS SLOPES
      0.052500     0.037500     0.022500     0.007500    -0.007500
     -0.022500    -0.037500    -0.052500     0.052500     0.037500
      0.022500     0.007500    -0.007500    -0.022500    -0.037500
     -0.052500     0.052500     0.037500     0.022500     0.007500
     -0.007500    -0.022500    -0.037500    -0.052500     0.052500
      0.037500     0.022500     0.007500    -0.007500    -0.022500
     -0.037500    -0.052500     0.052500     0.037500     0.022500
      0.007500    -0.007500    -0.022500    -0.037500    -0.052500
      0.052500     0.037500     0.022500     0.007500    -0.007500
     -0.022500    -0.037500    -0.052500     0.052500     0.037500
      0.022500     0.007500    -0.007500    -0.022500    -0.037500
     -0.052500     0.052500     0.037500     0.022500     0.007500
     -0.007500    -0.022500    -0.037500    -0.052500
WING UPPER SURFACE CP
     -0.095808    -0.083633    -0.087607    -0.089557    -0.086948
     -0.078243    -0.060133    -0.020163    -0.121494    -0.102246
     -0.101747    -0.100595    -0.095120    -0.082668    -0.058199
     -0.000789    -0.144253    -0.116538    -0.112333    -0.108319
     -0.100038    -0.084295    -0.055543     0.006871    -0.166518
     -0.129542    -0.121496    -0.114738    -0.104027    -0.085938
     -0.054950     0.009303    -0.190526    -0.142932    -0.130703
     -0.121263    -0.108461    -0.088616    -0.056132     0.009399
     -0.219862    -0.158962    -0.141692    -0.129266    -0.114327
     -0.092771    -0.058813     0.008120    -0.262558    -0.182162
     -0.157623    -0.140920    -0.123049    -0.099241    -0.063343
      0.005511    -0.341123    -0.225038    -0.187515    -0.163082
     -0.139712    -0.111599    -0.072035     0.000348
WING LOWER SURFACE CP
      0.142092     0.052337     0.014353    -0.008663    -0.022658
     -0.028495    -0.024566     0.000079     0.154384     0.050202
      0.008313    -0.015507    -0.028514    -0.031750    -0.022030
      0.019878     0.167502     0.053617     0.008595    -0.016159
     -0.028716    -0.030212    -0.017294     0.028734     0.183113
      0.060247     0.012401    -0.013409    -0.026086    -0.027107
     -0.013456     0.033006     0.202893     0.070069     0.018967
     -0.008389    -0.021900    -0.023432    -0.010222     0.035613
      0.229655     0.084063     0.028504    -0.001241    -0.016317
     -0.019057    -0.006932     0.037743     0.270480     0.105691
      0.043153     0.009402    -0.008362    -0.013144    -0.002788
      0.040091     0.346882     0.146535     0.071138     0.029773
      0.006618    -0.002371     0.004407     0.043836
WING DELTA-CP
      0.237900     0.135969     0.101960     0.080895     0.064291
      0.049748     0.035567     0.020242     0.275877     0.152448
      0.110060     0.085088     0.066606     0.050918     0.036169
      0.020666     0.311754     0.170155     0.120927     0.092159
      0.071322     0.054083     0.038250     0.021863     0.349631
      0.189789     0.133897     0.101329     0.077942     0.058830
      0.041494     0.023703     0.393418     0.213001     0.149670
      0.112873     0.086561     0.065184     0.045910     0.026214
      0.449517     0.243025     0.170195     0.128025     0.098010
      0.073714     0.051881     0.029623     0.533037     0.287853
      0.200776     0.150321     0.114686     0.086096     0.060555
      0.034580     0.688005     0.371573     0.258652     0.192855
      0.146330     0.109228     0.076443     0.043488
UPPER MACH NOS.
       0.00000      0.00000      0.00000      0.00000      0.00000
       0.00000      0.00000      0.00000      0.00000      0.00000
       0.00000      0.00000      0.00000      0.00000      0.00000
       0.00000      0.00000      0.00000      0.00000      0.00000
       0.00000      0.00000      0.00000      0.00000      0.00000
       0.00000      0.00000      0.00000      0.00000      0.00000
       0.00000      0.00000      0.00000      0.00000      0.00000
       0.00000      0.00000      0.00000      0.00000      0.00000
       0.00000      0.00000      0.00000      0.00000      0.00000
       0.00000      0.00000      0.00000      0.00000      0.00000
       0.00000      0.00000      0.00000      0.00000      0.00000
       0.00000      0.00000      0.00000      0.00000      0.00000
       0.00000      0.00000      0.00000      0.00000
LOWER MACH NOS.
       0.00000      0.00000      0.00000      0.00000      0.00000
       0.00000      0.00000      0.00000      0.00000      0.00000
       0.00000      0.00000      0.00000      0.00000      0.00000
       0.00000      0.00000      0.00000      0.00000      0.00000
       0.00000      0.00000      0.00000      0.00000      0.00000
       0.00000      0.00000      0.00000      0.00000      0.00000
       0.00000      0.00000      0.00000      0.00000      0.00000
       0.00000      0.00000      0.00000      0.00000      0.00000
       0.00000      0.00000      0.00000      0.00000      0.00000
       0.00000      0.00000      0.00000      0.00000      0.00000
       0.00000      0.00000      0.00000      0.00000      0.00000
       0.00000      0.00000      0.00000      0.00000      0.00000
       0.00000      0.00000      0.00000      0.00000
PW ARRAY
      0.237900     0.135969     0.101960     0.080895     0.064291
      0.049748     0.035567     0.020242     0.275877     0.152448
      0.110060     0.085088     0.066606     0.050918     0.036169
      0.020666     0.311754     0.170155     0.120927     0.092159
      0.071322     0.054083     0.038250     0.021863     0.349631
      0.189789     0.133897     0.101329     0.077942     0.058830
      0.041494     0.023703     0.393418     0.213001     0.149670
      0.112873     0.086561     0.065184     0.045910     0.026214
      0.449517     0.243025     0.170195     0.128025     0.098010
      0.073714     0.051881     0.029623     0.533037     0.287853
      0.200776     0.150321     0.114686     0.086096     0.060555
      0.034580     0.688005     0.371573     0.258652     0.192855
      0.146330     0.109228     0.076443     0.043488
PB ARRAY
     0.060937     0.042042     0.034848     0.028856     0.021912
     0.013375     0.004925    -0.001747     0.062403     0.051402
     0.046040     0.040077     0.031774     0.010534    -0.008318
    -0.001609    -0.089413    -0.059207    -0.034034    -0.017275
    -0.005656    -0.005581    -0.013064    -0.001381    -0.061061
    -0.049849    -0.038885    -0.026207    -0.015104    -0.006510
    -0.004431    -0.001126



NASA/AMES WING-BODY PROGRAM                                           PAGE   8
This test case should be similar to case1 in WaveDrag                           
Mach=   0.000000        angle of attack=    2.00000    
SREF=    45000.0    CBAR=    100.000    REFMOM=    165.000    
                         Isolated
                           body      body      wing      wing-body
Lift coeff..............  -0.00023   0.00359   0.05093   0.05452
Drag coeff..............   0.00449   0.00455   0.00185   0.00640
Friction drag coeff.....   0.00000   0.00000   0.00000   0.00000
Pitching moment coeff...   0.00138   0.00155  -0.00758  -0.00603
Normal coeff............  -0.00008   0.00375   0.05096   0.05471
Axial coeff.............   0.00450   0.00442   0.00007   0.00449
Center of pressure......  1929.624   123.610   179.871   176.016
NORMAL TERMINATION FROM SELECT
Normal termination of WINGBODY in Subroutine FORCE
